<?xml version="1.0" encoding="UTF-8"?>
<!-- Generated by org.testng.reporters.JUnitXMLReporter -->
<testsuite ignored="0" hostname="L-INE-7DDSCL3" failures="0" tests="3" name="Submit Order Test" time="29.427" errors="0" timestamp="2024-07-03T00:12:44 IST">
  <testcase classname="SeleniumTesting.SubmitOrderTest" name="submitOrder" time="4.151"/>
  <testcase classname="SeleniumTesting.SubmitOrderTest" name="submitOrder" time="15.525"/>
  <testcase classname="SeleniumTesting.SubmitOrderTest" name="OrderHistoryTest" time="0.734"/>
</testsuite> <!-- Submit Order Test -->
