<?xml version="1.0" encoding="UTF-8"?>
<!-- Generated by org.testng.reporters.JUnitXMLReporter -->
<testsuite ignored="0" hostname="L-INE-7DDSCL3" failures="0" tests="2" name="Error Validation Test" time="21.474" errors="0" timestamp="2024-07-08T00:18:33 IST">
  <testcase classname="SeleniumTesting.ErrorValidationTest" name="erroValidLoginPage" time="1.02"/>
  <testcase classname="SeleniumTesting.ErrorValidationTest" name="productNameValidation" time="13.708"/>
</testsuite> <!-- Error Validation Test -->
