<?xml version="1.0" encoding="UTF-8"?>
<!-- Generated by org.testng.reporters.JUnitXMLReporter -->
<testsuite ignored="0" hostname="L-INE-7DDSCL3" failures="0" tests="3" name="Submit Order Test" time="29.716" errors="0" timestamp="2024-07-08T00:18:40 IST">
  <testcase classname="SeleniumTesting.SubmitOrderTest" name="submitOrder" time="3.477"/>
  <testcase classname="SeleniumTesting.SubmitOrderTest" name="submitOrder" time="15.15"/>
  <testcase classname="SeleniumTesting.SubmitOrderTest" name="OrderHistoryTest" time="0.57"/>
</testsuite> <!-- Submit Order Test -->
