<?xml version="1.0" encoding="UTF-8"?>
<testng-results ignored="0" total="5" passed="5" failed="0" skipped="0">
  <reporter-output>
  </reporter-output>
  <suite started-at="2024-07-08T00:18:11 IST" name="Suite" finished-at="2024-07-08T00:18:40 IST" duration-ms="29716">
    <groups>
      <group name="Purchase">
        <method signature="SubmitOrderTest.submitOrder(java.util.HashMap)[pri:0, instance:SeleniumTesting.SubmitOrderTest@15a34df2]" name="submitOrder" class="SeleniumTesting.SubmitOrderTest"/>
      </group> <!-- Purchase -->
      <group name="errorHandling">
        <method signature="ErrorValidationTest.erroValidLoginPage()[pri:0, instance:SeleniumTesting.ErrorValidationTest@415b0b49]" name="erroValidLoginPage" class="SeleniumTesting.ErrorValidationTest"/>
      </group> <!-- errorHandling -->
    </groups>
    <test started-at="2024-07-08T00:18:11 IST" name="Error Validation Test" finished-at="2024-07-08T00:18:32 IST" duration-ms="21474">
      <class name="SeleniumTesting.ErrorValidationTest">
        <test-method is-config="true" signature="launchApplication()[pri:0, instance:SeleniumTesting.ErrorValidationTest@415b0b49]" started-at="2024-07-08T00:18:11 IST" name="launchApplication" finished-at="2024-07-08T00:18:15 IST" duration-ms="4039" status="PASS">
          <reporter-output>
          </reporter-output>
        </test-method> <!-- launchApplication -->
        <test-method signature="erroValidLoginPage()[pri:0, instance:SeleniumTesting.ErrorValidationTest@415b0b49]" started-at="2024-07-08T00:18:15 IST" name="erroValidLoginPage" finished-at="2024-07-08T00:18:16 IST" duration-ms="1020" status="PASS">
          <reporter-output>
          </reporter-output>
        </test-method> <!-- erroValidLoginPage -->
        <test-method is-config="true" signature="tearDown()[pri:0, instance:SeleniumTesting.ErrorValidationTest@415b0b49]" started-at="2024-07-08T00:18:16 IST" name="tearDown" finished-at="2024-07-08T00:18:16 IST" duration-ms="139" status="PASS">
          <reporter-output>
          </reporter-output>
        </test-method> <!-- tearDown -->
        <test-method is-config="true" signature="launchApplication()[pri:0, instance:SeleniumTesting.ErrorValidationTest@415b0b49]" started-at="2024-07-08T00:18:16 IST" name="launchApplication" finished-at="2024-07-08T00:18:18 IST" duration-ms="2327" status="PASS">
          <reporter-output>
          </reporter-output>
        </test-method> <!-- launchApplication -->
        <test-method signature="productNameValidation()[pri:0, instance:SeleniumTesting.ErrorValidationTest@415b0b49]" started-at="2024-07-08T00:18:18 IST" name="productNameValidation" finished-at="2024-07-08T00:18:32 IST" duration-ms="13708" status="PASS">
          <reporter-output>
          </reporter-output>
        </test-method> <!-- productNameValidation -->
        <test-method is-config="true" signature="tearDown()[pri:0, instance:SeleniumTesting.ErrorValidationTest@415b0b49]" started-at="2024-07-08T00:18:32 IST" name="tearDown" finished-at="2024-07-08T00:18:32 IST" duration-ms="167" status="PASS">
          <reporter-output>
          </reporter-output>
        </test-method> <!-- tearDown -->
      </class> <!-- SeleniumTesting.ErrorValidationTest -->
    </test> <!-- Error Validation Test -->
    <test started-at="2024-07-08T00:18:11 IST" name="Submit Order Test" finished-at="2024-07-08T00:18:40 IST" duration-ms="29716">
      <class name="SeleniumTesting.SubmitOrderTest">
        <test-method is-config="true" signature="launchApplication()[pri:0, instance:SeleniumTesting.SubmitOrderTest@15a34df2]" started-at="2024-07-08T00:18:11 IST" name="launchApplication" finished-at="2024-07-08T00:18:15 IST" duration-ms="4554" status="PASS">
          <reporter-output>
          </reporter-output>
        </test-method> <!-- launchApplication -->
        <test-method signature="submitOrder(java.util.HashMap)[pri:0, instance:SeleniumTesting.SubmitOrderTest@15a34df2]" started-at="2024-07-08T00:18:15 IST" name="submitOrder" data-provider="getData" finished-at="2024-07-08T00:18:19 IST" duration-ms="3477" status="PASS">
          <params>
            <param index="0">
              <value>
                <![CDATA[{product=ZARA COAT 3, email=tester1_automation@gmail.com, Password=Huskar123@#}]]>
              </value>
            </param>
          </params>
          <reporter-output>
          </reporter-output>
        </test-method> <!-- submitOrder -->
        <test-method is-config="true" signature="tearDown()[pri:0, instance:SeleniumTesting.SubmitOrderTest@15a34df2]" started-at="2024-07-08T00:18:19 IST" name="tearDown" finished-at="2024-07-08T00:18:19 IST" duration-ms="100" status="PASS">
          <reporter-output>
          </reporter-output>
        </test-method> <!-- tearDown -->
        <test-method is-config="true" signature="launchApplication()[pri:0, instance:SeleniumTesting.SubmitOrderTest@15a34df2]" started-at="2024-07-08T00:18:19 IST" name="launchApplication" finished-at="2024-07-08T00:18:22 IST" duration-ms="2770" status="PASS">
          <reporter-output>
          </reporter-output>
        </test-method> <!-- launchApplication -->
        <test-method signature="submitOrder(java.util.HashMap)[pri:0, instance:SeleniumTesting.SubmitOrderTest@15a34df2]" started-at="2024-07-08T00:18:22 IST" name="submitOrder" data-provider="getData" finished-at="2024-07-08T00:18:37 IST" duration-ms="15150" status="PASS">
          <params>
            <param index="0">
              <value>
                <![CDATA[{product=IPHONE 13 PRO, email=tester1_automation@gmail.com, Password=Huskar123@#}]]>
              </value>
            </param>
          </params>
          <reporter-output>
          </reporter-output>
        </test-method> <!-- submitOrder -->
        <test-method is-config="true" signature="tearDown()[pri:0, instance:SeleniumTesting.SubmitOrderTest@15a34df2]" started-at="2024-07-08T00:18:37 IST" name="tearDown" finished-at="2024-07-08T00:18:37 IST" duration-ms="155" status="PASS">
          <reporter-output>
          </reporter-output>
        </test-method> <!-- tearDown -->
        <test-method is-config="true" signature="launchApplication()[pri:0, instance:SeleniumTesting.SubmitOrderTest@15a34df2]" started-at="2024-07-08T00:18:37 IST" name="launchApplication" finished-at="2024-07-08T00:18:40 IST" duration-ms="2500" status="PASS">
          <reporter-output>
          </reporter-output>
        </test-method> <!-- launchApplication -->
        <test-method signature="OrderHistoryTest()[pri:0, instance:SeleniumTesting.SubmitOrderTest@15a34df2]" started-at="2024-07-08T00:18:40 IST" name="OrderHistoryTest" finished-at="2024-07-08T00:18:40 IST" depends-on-methods="SeleniumTesting.SubmitOrderTest.submitOrder" duration-ms="570" status="PASS">
          <reporter-output>
          </reporter-output>
        </test-method> <!-- OrderHistoryTest -->
        <test-method is-config="true" signature="tearDown()[pri:0, instance:SeleniumTesting.SubmitOrderTest@15a34df2]" started-at="2024-07-08T00:18:40 IST" name="tearDown" finished-at="2024-07-08T00:18:40 IST" duration-ms="97" status="PASS">
          <reporter-output>
          </reporter-output>
        </test-method> <!-- tearDown -->
      </class> <!-- SeleniumTesting.SubmitOrderTest -->
    </test> <!-- Submit Order Test -->
  </suite> <!-- Suite -->
</testng-results>
